<?xml version="1.0" encoding="UTF-8"?>
<testng-results skipped="0" failed="0" ignored="0" total="2" passed="2">
  <reporter-output>
  </reporter-output>
  <suite name="Default suite" duration-ms="22167" started-at="2020-06-11T13:23:20 EDT" finished-at="2020-06-11T13:23:42 EDT">
    <groups>
    </groups>
    <test name="Default test" duration-ms="22167" started-at="2020-06-11T13:23:20 EDT" finished-at="2020-06-11T13:23:42 EDT">
      <class name="Academy.HomePage">
        <test-method status="PASS" signature="initialize()[pri:0, instance:Academy.HomePage@26794848]" name="initialize" is-config="true" duration-ms="4250" started-at="2020-06-11T13:23:20 EDT" finished-at="2020-06-11T13:23:24 EDT">
          <reporter-output>
          </reporter-output>
        </test-method> <!-- initialize -->
        <test-method status="PASS" signature="basePageNavigation(java.lang.String, java.lang.String, java.lang.String)[pri:0, instance:Academy.HomePage@26794848]" name="basePageNavigation" duration-ms="10914" started-at="2020-06-11T13:23:24 EDT" data-provider="getData" finished-at="2020-06-11T13:23:35 EDT">
          <params>
            <param index="0">
              <value>
                <![CDATA[nonrestricteduser@qw.com]]>
              </value>
            </param>
            <param index="1">
              <value>
                <![CDATA[123456]]>
              </value>
            </param>
            <param index="2">
              <value>
                <![CDATA[Restrcited User]]>
              </value>
            </param>
          </params>
          <reporter-output>
          </reporter-output>
        </test-method> <!-- basePageNavigation -->
        <test-method status="PASS" signature="basePageNavigation(java.lang.String, java.lang.String, java.lang.String)[pri:0, instance:Academy.HomePage@26794848]" name="basePageNavigation" duration-ms="6839" started-at="2020-06-11T13:23:35 EDT" data-provider="getData" finished-at="2020-06-11T13:23:42 EDT">
          <params>
            <param index="0">
              <value>
                <![CDATA[restricteduser@qw.com]]>
              </value>
            </param>
            <param index="1">
              <value>
                <![CDATA[456788]]>
              </value>
            </param>
            <param index="2">
              <value>
                <![CDATA[Non restricted user]]>
              </value>
            </param>
          </params>
          <reporter-output>
          </reporter-output>
        </test-method> <!-- basePageNavigation -->
        <test-method status="PASS" signature="teardown()[pri:0, instance:Academy.HomePage@26794848]" name="teardown" is-config="true" duration-ms="121" started-at="2020-06-11T13:23:42 EDT" finished-at="2020-06-11T13:23:42 EDT">
          <reporter-output>
          </reporter-output>
        </test-method> <!-- teardown -->
      </class> <!-- Academy.HomePage -->
    </test> <!-- Default test -->
  </suite> <!-- Default suite -->
</testng-results>
